Starting install at 2026-01-06T00:07:09.201Z
Node dir added to PATH: C:\Users\JOBLER\OneDrive - Sleep Number Corporation\Documents\AI TPRM MACHINE\node-v22.12.0-win-x64

npm warn config optional Use `--omit=optional` to exclude optional dependencies, or
npm warn config `--include=optional` to include them.
npm warn config
npm warn config       Default value does install optional deps unless otherwise omitted.
npm warn deprecated inflight@1.0.6: This module is not supported, and leaks memory. Do not use it. Check out lru-cache if you want a good and tested way to coalesce async requests by a key value, which is much more comprehensive and powerful.
npm warn deprecated @humanwhocodes/config-array@0.13.0: Use @eslint/config-array instead
npm warn deprecated rimraf@3.0.2: Rimraf versions prior to v4 are no longer supported
npm warn deprecated glob@7.2.3: Glob versions prior to v9 are no longer supported
npm warn deprecated @humanwhocodes/object-schema@2.0.3: Use @eslint/object-schema instead
npm warn deprecated node-domexception@1.0.0: Use your platform's native DOMException instead
npm warn deprecated eslint@8.57.1: This version is no longer supported. Please see https://eslint.org/version-support for other options.
npm warn deprecated next@14.2.0: This version has a security vulnerability. Please upgrade to a patched version. See https://nextjs.org/blog/security-update-2025-12-11 for more details.

added 588 packages, removed 2 packages, changed 3 packages, and audited 592 packages in 3m

172 packages are looking for funding
  run `npm fund` for details

14 vulnerabilities (3 low, 10 high, 1 critical)

To address all issues (including breaking changes), run:
  npm audit fix --force

Run `npm audit` for details.

Process exited with code 0 at 2026-01-06T00:09:52.316Z
